0 info it worked if it ends with ok
1 verbose cli [ 'c:\\Program Files\\nodejs\\node.exe',
1 verbose cli   'c:\\Program Files\\nodejs\\node_modules\\npm\\bin\\npm-cli.js',
1 verbose cli   'publish',
1 verbose cli   './' ]
2 info using npm@1.4.3
3 info using node@v0.10.26
4 verbose publish [ './' ]
5 verbose cache add [ './', null ]
6 verbose cache add name=undefined spec="./" args=["./",null]
7 verbose parsed url { protocol: null,
7 verbose parsed url   slashes: null,
7 verbose parsed url   auth: null,
7 verbose parsed url   host: null,
7 verbose parsed url   port: null,
7 verbose parsed url   hostname: null,
7 verbose parsed url   hash: null,
7 verbose parsed url   search: null,
7 verbose parsed url   query: null,
7 verbose parsed url   pathname: './',
7 verbose parsed url   path: './',
7 verbose parsed url   href: './' }
8 silly lockFile 0ee6c175- ./
9 verbose lock ./ C:\Users\nstavrakakis\AppData\Roaming\npm-cache\0ee6c175-.lock
10 verbose tar pack [ 'C:\\Users\\NSTAVR~1\\AppData\\Local\\Temp\\npm-7116-rr3CDoG7\\1404130684349-0.3614955795928836\\tmp.tgz',
10 verbose tar pack   './' ]
11 verbose tarball C:\Users\NSTAVR~1\AppData\Local\Temp\npm-7116-rr3CDoG7\1404130684349-0.3614955795928836\tmp.tgz
12 verbose folder ./
13 info prepublish insightjs@0.0.1
14 silly lockFile 04cb2bca-tar tar://./
15 verbose lock tar://./ C:\Users\nstavrakakis\AppData\Roaming\npm-cache\04cb2bca-tar.lock
16 silly lockFile a93a372a-84349-0-3614955795928836-tmp-tgz tar://C:\Users\NSTAVR~1\AppData\Local\Temp\npm-7116-rr3CDoG7\1404130684349-0.3614955795928836\tmp.tgz
17 verbose lock tar://C:\Users\NSTAVR~1\AppData\Local\Temp\npm-7116-rr3CDoG7\1404130684349-0.3614955795928836\tmp.tgz C:\Users\nstavrakakis\AppData\Roaming\npm-cache\a93a372a-84349-0-3614955795928836-tmp-tgz.lock
18 silly lockFile 04cb2bca-tar tar://./
19 silly lockFile 04cb2bca-tar tar://./
20 silly lockFile a93a372a-84349-0-3614955795928836-tmp-tgz tar://C:\Users\NSTAVR~1\AppData\Local\Temp\npm-7116-rr3CDoG7\1404130684349-0.3614955795928836\tmp.tgz
21 silly lockFile a93a372a-84349-0-3614955795928836-tmp-tgz tar://C:\Users\NSTAVR~1\AppData\Local\Temp\npm-7116-rr3CDoG7\1404130684349-0.3614955795928836\tmp.tgz
22 verbose tar unpack C:\Users\NSTAVR~1\AppData\Local\Temp\npm-7116-rr3CDoG7\1404130684349-0.3614955795928836\tmp.tgz
23 silly lockFile c38fd198-84349-0-3614955795928836-package tar://C:\Users\NSTAVR~1\AppData\Local\Temp\npm-7116-rr3CDoG7\1404130684349-0.3614955795928836\package
24 verbose lock tar://C:\Users\NSTAVR~1\AppData\Local\Temp\npm-7116-rr3CDoG7\1404130684349-0.3614955795928836\package C:\Users\nstavrakakis\AppData\Roaming\npm-cache\c38fd198-84349-0-3614955795928836-package.lock
25 silly lockFile a93a372a-84349-0-3614955795928836-tmp-tgz tar://C:\Users\NSTAVR~1\AppData\Local\Temp\npm-7116-rr3CDoG7\1404130684349-0.3614955795928836\tmp.tgz
26 verbose lock tar://C:\Users\NSTAVR~1\AppData\Local\Temp\npm-7116-rr3CDoG7\1404130684349-0.3614955795928836\tmp.tgz C:\Users\nstavrakakis\AppData\Roaming\npm-cache\a93a372a-84349-0-3614955795928836-tmp-tgz.lock
27 silly gunzTarPerm modes [ '755', '644' ]
28 silly gunzTarPerm extractEntry package.json
29 silly gunzTarPerm modified mode [ 'package.json', 438, 420 ]
30 silly gunzTarPerm extractEntry .npmignore
31 silly gunzTarPerm modified mode [ '.npmignore', 438, 420 ]
32 silly gunzTarPerm extractEntry README.md
33 silly gunzTarPerm modified mode [ 'README.md', 438, 420 ]
34 silly gunzTarPerm extractEntry Gruntfile.js
35 silly gunzTarPerm modified mode [ 'Gruntfile.js', 438, 420 ]
36 silly gunzTarPerm extractEntry doc/MDA.html
37 silly gunzTarPerm modified mode [ 'doc/MDA.html', 438, 420 ]
38 silly gunzTarPerm extractEntry doc/Axis.js.html
39 silly gunzTarPerm modified mode [ 'doc/Axis.js.html', 438, 420 ]
40 silly gunzTarPerm extractEntry doc/ColumnSeries.js.html
41 silly gunzTarPerm modified mode [ 'doc/ColumnSeries.js.html', 438, 420 ]
42 silly gunzTarPerm extractEntry doc/Constants.html
43 silly gunzTarPerm modified mode [ 'doc/Constants.html', 438, 420 ]
44 silly gunzTarPerm extractEntry doc/Constants.isArray.html
45 silly gunzTarPerm modified mode [ 'doc/Constants.isArray.html', 438, 420 ]
46 silly gunzTarPerm extractEntry doc/Dashboard.html
47 silly gunzTarPerm modified mode [ 'doc/Dashboard.html', 438, 420 ]
48 silly gunzTarPerm extractEntry doc/Dashboard.js.html
49 silly gunzTarPerm modified mode [ 'doc/Dashboard.js.html', 438, 420 ]
50 silly gunzTarPerm extractEntry doc/DataSet.html
51 silly gunzTarPerm modified mode [ 'doc/DataSet.html', 438, 420 ]
52 silly gunzTarPerm extractEntry doc/DataSet.js.html
53 silly gunzTarPerm modified mode [ 'doc/DataSet.js.html', 438, 420 ]
54 silly gunzTarPerm extractEntry doc/Dimension.html
55 silly gunzTarPerm modified mode [ 'doc/Dimension.html', 438, 420 ]
56 silly gunzTarPerm extractEntry doc/Dimension.js.html
57 silly gunzTarPerm modified mode [ 'doc/Dimension.js.html', 438, 420 ]
58 silly gunzTarPerm extractEntry doc/Grouping.html
59 silly gunzTarPerm modified mode [ 'doc/Grouping.html', 438, 420 ]
60 silly gunzTarPerm extractEntry doc/Grouping.js.html
61 silly gunzTarPerm modified mode [ 'doc/Grouping.js.html', 438, 420 ]
62 silly gunzTarPerm extractEntry doc/Grouping_filter.html
63 silly gunzTarPerm modified mode [ 'doc/Grouping_filter.html', 438, 420 ]
64 silly gunzTarPerm extractEntry doc/Grouping_getData.html
65 silly gunzTarPerm modified mode [ 'doc/Grouping_getData.html', 438, 420 ]
66 silly gunzTarPerm extractEntry doc/Grouping_reduceMultiDimension.html
67 silly gunzTarPerm modified mode [ 'doc/Grouping_reduceMultiDimension.html', 438, 420 ]
68 silly gunzTarPerm extractEntry doc/InsightCharts.Constants.js.html
69 silly gunzTarPerm modified mode [ 'doc/InsightCharts.Constants.js.html', 438, 420 ]
70 silly gunzTarPerm extractEntry doc/InsightCharts.Utils.js.html
71 silly gunzTarPerm modified mode [ 'doc/InsightCharts.Utils.js.html', 438, 420 ]
72 silly gunzTarPerm extractEntry doc/InsightUtils.html
73 silly gunzTarPerm modified mode [ 'doc/InsightUtils.html', 438, 420 ]
74 silly gunzTarPerm extractEntry doc/Chart.js.html
75 silly gunzTarPerm modified mode [ 'doc/Chart.js.html', 438, 420 ]
76 silly gunzTarPerm extractEntry doc/MarkerSeries.js.html
77 silly gunzTarPerm modified mode [ 'doc/MarkerSeries.js.html', 438, 420 ]
78 silly gunzTarPerm extractEntry doc/RowSeries.js.html
79 silly gunzTarPerm modified mode [ 'doc/RowSeries.js.html', 438, 420 ]
80 silly gunzTarPerm extractEntry doc/Series.js.html
81 silly gunzTarPerm modified mode [ 'doc/Series.js.html', 438, 420 ]
82 silly gunzTarPerm extractEntry doc/findMax.html
83 silly gunzTarPerm modified mode [ 'doc/findMax.html', 438, 420 ]
84 silly gunzTarPerm extractEntry doc/fonts/glyphicons-halflings-regular.eot
85 silly gunzTarPerm modified mode [ 'doc/fonts/glyphicons-halflings-regular.eot', 438, 420 ]
86 silly gunzTarPerm extractEntry doc/fonts/glyphicons-halflings-regular.svg
87 silly gunzTarPerm modified mode [ 'doc/fonts/glyphicons-halflings-regular.svg', 438, 420 ]
88 silly gunzTarPerm extractEntry doc/fonts/glyphicons-halflings-regular.ttf
89 silly gunzTarPerm modified mode [ 'doc/fonts/glyphicons-halflings-regular.ttf', 438, 420 ]
90 silly gunzTarPerm extractEntry doc/fonts/glyphicons-halflings-regular.woff
91 silly gunzTarPerm modified mode [ 'doc/fonts/glyphicons-halflings-regular.woff', 438, 420 ]
92 silly gunzTarPerm extractEntry doc/global.html
93 silly gunzTarPerm modified mode [ 'doc/global.html', 438, 420 ]
94 silly gunzTarPerm extractEntry doc/index.html
95 silly gunzTarPerm modified mode [ 'doc/index.html', 438, 420 ]
96 silly gunzTarPerm extractEntry doc/insight_findMax.html
97 silly gunzTarPerm modified mode [ 'doc/insight_findMax.html', 438, 420 ]
98 silly gunzTarPerm extractEntry doc/insight_tickRotation.html
99 silly gunzTarPerm modified mode [ 'doc/insight_tickRotation.html', 438, 420 ]
100 silly gunzTarPerm extractEntry doc/module-Dimension.html
101 silly gunzTarPerm modified mode [ 'doc/module-Dimension.html', 438, 420 ]
102 silly gunzTarPerm extractEntry doc/module-InsightUtils.html
103 silly gunzTarPerm modified mode [ 'doc/module-InsightUtils.html', 438, 420 ]
104 silly gunzTarPerm extractEntry doc/module-InsightUtils.isArray.html
105 silly gunzTarPerm modified mode [ 'doc/module-InsightUtils.isArray.html', 438, 420 ]
106 silly gunzTarPerm extractEntry doc/module-InsightUtils.somethingElse.html
107 silly gunzTarPerm modified mode [ 'doc/module-InsightUtils.somethingElse.html', 438, 420 ]
108 silly gunzTarPerm extractEntry doc/module-MDA.html
109 silly gunzTarPerm modified mode [ 'doc/module-MDA.html', 438, 420 ]
110 silly gunzTarPerm extractEntry doc/scripts/bootstrap.min.js
111 silly gunzTarPerm modified mode [ 'doc/scripts/bootstrap.min.js', 438, 420 ]
112 silly gunzTarPerm extractEntry doc/scripts/jquery.min.js
113 silly gunzTarPerm modified mode [ 'doc/scripts/jquery.min.js', 438, 420 ]
114 silly gunzTarPerm extractEntry doc/scripts/linenumber.js
115 silly gunzTarPerm modified mode [ 'doc/scripts/linenumber.js', 438, 420 ]
116 silly gunzTarPerm extractEntry doc/scripts/main.js
117 silly gunzTarPerm modified mode [ 'doc/scripts/main.js', 438, 420 ]
118 silly gunzTarPerm extractEntry doc/scripts/underscore-min.js
119 silly gunzTarPerm modified mode [ 'doc/scripts/underscore-min.js', 438, 420 ]
120 silly gunzTarPerm extractEntry doc/scripts/jquery.min.map
121 silly gunzTarPerm modified mode [ 'doc/scripts/jquery.min.map', 438, 420 ]
122 silly gunzTarPerm extractEntry doc/scripts/prettify/lang-css.js
123 silly gunzTarPerm modified mode [ 'doc/scripts/prettify/lang-css.js', 438, 420 ]
124 silly gunzTarPerm extractEntry doc/scripts/prettify/prettify.js
125 silly gunzTarPerm modified mode [ 'doc/scripts/prettify/prettify.js', 438, 420 ]
126 silly gunzTarPerm extractEntry doc/scripts/prettify/Apache-License-2.0.txt
127 silly gunzTarPerm modified mode [ 'doc/scripts/prettify/Apache-License-2.0.txt', 438, 420 ]
128 silly gunzTarPerm extractEntry doc/scripts/underscore-min.map
129 silly gunzTarPerm modified mode [ 'doc/scripts/underscore-min.map', 438, 420 ]
130 silly gunzTarPerm extractEntry doc/seriesMax.html
131 silly gunzTarPerm modified mode [ 'doc/seriesMax.html', 438, 420 ]
132 silly gunzTarPerm extractEntry doc/styles/bootstrap.min.css
133 silly gunzTarPerm modified mode [ 'doc/styles/bootstrap.min.css', 438, 420 ]
134 silly gunzTarPerm extractEntry doc/styles/jaguar.css
135 silly gunzTarPerm modified mode [ 'doc/styles/jaguar.css', 438, 420 ]
136 silly gunzTarPerm extractEntry doc/styles/jsdoc-default.css
137 silly gunzTarPerm modified mode [ 'doc/styles/jsdoc-default.css', 438, 420 ]
138 silly gunzTarPerm extractEntry doc/styles/prettify-jsdoc.css
139 silly gunzTarPerm modified mode [ 'doc/styles/prettify-jsdoc.css', 438, 420 ]
140 silly gunzTarPerm extractEntry doc/styles/prettify-tomorrow.css
141 silly gunzTarPerm modified mode [ 'doc/styles/prettify-tomorrow.css', 438, 420 ]
142 silly gunzTarPerm extractEntry doc/tickRotation.html
143 silly gunzTarPerm modified mode [ 'doc/tickRotation.html', 438, 420 ]
144 silly gunzTarPerm extractEntry _SpecRunner.html
145 silly gunzTarPerm modified mode [ '_SpecRunner.html', 438, 420 ]
146 silly gunzTarPerm extractEntry bower.json
147 silly gunzTarPerm modified mode [ 'bower.json', 438, 420 ]
148 silly gunzTarPerm extractEntry dist/insight.js
149 silly gunzTarPerm modified mode [ 'dist/insight.js', 438, 420 ]
150 silly gunzTarPerm extractEntry dist/insight.min.js
151 silly gunzTarPerm modified mode [ 'dist/insight.min.js', 438, 420 ]
152 silly gunzTarPerm extractEntry dist/insight.min.css
153 silly gunzTarPerm modified mode [ 'dist/insight.min.css', 438, 420 ]
154 silly gunzTarPerm extractEntry LICENSE.txt
155 silly gunzTarPerm modified mode [ 'LICENSE.txt', 438, 420 ]
156 silly gunzTarPerm extractEntry doctemplate/package.json
157 silly gunzTarPerm modified mode [ 'doctemplate/package.json', 438, 420 ]
158 silly gunzTarPerm extractEntry doctemplate/.npmignore
159 silly gunzTarPerm modified mode [ 'doctemplate/.npmignore', 438, 420 ]
160 silly gunzTarPerm extractEntry doctemplate/README.md
161 silly gunzTarPerm modified mode [ 'doctemplate/README.md', 438, 420 ]
162 silly gunzTarPerm extractEntry doctemplate/LICENSE
163 silly gunzTarPerm modified mode [ 'doctemplate/LICENSE', 438, 420 ]
164 silly gunzTarPerm extractEntry doctemplate/Gruntfile.js
165 silly gunzTarPerm modified mode [ 'doctemplate/Gruntfile.js', 438, 420 ]
166 silly gunzTarPerm extractEntry doctemplate/publish.js
167 silly gunzTarPerm modified mode [ 'doctemplate/publish.js', 438, 420 ]
168 silly gunzTarPerm extractEntry doctemplate/less/common.less
169 silly gunzTarPerm modified mode [ 'doctemplate/less/common.less', 438, 420 ]
170 silly gunzTarPerm extractEntry doctemplate/less/footer.less
171 silly gunzTarPerm modified mode [ 'doctemplate/less/footer.less', 438, 420 ]
172 silly gunzTarPerm extractEntry doctemplate/less/jaguar.less
173 silly gunzTarPerm modified mode [ 'doctemplate/less/jaguar.less', 438, 420 ]
174 silly gunzTarPerm extractEntry doctemplate/less/main.less
175 silly gunzTarPerm modified mode [ 'doctemplate/less/main.less', 438, 420 ]
176 silly gunzTarPerm extractEntry doctemplate/less/navigation.less
177 silly gunzTarPerm modified mode [ 'doctemplate/less/navigation.less', 438, 420 ]
178 silly gunzTarPerm extractEntry doctemplate/conf.json
179 silly gunzTarPerm modified mode [ 'doctemplate/conf.json', 438, 420 ]
180 silly gunzTarPerm extractEntry doctemplate/tmpl/method.tmpl
181 silly gunzTarPerm modified mode [ 'doctemplate/tmpl/method.tmpl', 438, 420 ]
182 silly gunzTarPerm extractEntry doctemplate/tmpl/container.tmpl
183 silly gunzTarPerm modified mode [ 'doctemplate/tmpl/container.tmpl', 438, 420 ]
184 silly gunzTarPerm extractEntry doctemplate/tmpl/example.tmpl
185 silly gunzTarPerm modified mode [ 'doctemplate/tmpl/example.tmpl', 438, 420 ]
186 silly gunzTarPerm extractEntry doctemplate/tmpl/examples.tmpl
187 silly gunzTarPerm modified mode [ 'doctemplate/tmpl/examples.tmpl', 438, 420 ]
188 silly gunzTarPerm extractEntry doctemplate/tmpl/exceptions.tmpl
189 silly gunzTarPerm modified mode [ 'doctemplate/tmpl/exceptions.tmpl', 438, 420 ]
190 silly gunzTarPerm extractEntry doctemplate/tmpl/layout.tmpl
191 silly gunzTarPerm modified mode [ 'doctemplate/tmpl/layout.tmpl', 438, 420 ]
192 silly gunzTarPerm extractEntry doctemplate/tmpl/mainpage.tmpl
193 silly gunzTarPerm modified mode [ 'doctemplate/tmpl/mainpage.tmpl', 438, 420 ]
194 silly gunzTarPerm extractEntry doctemplate/tmpl/members.tmpl
195 silly gunzTarPerm modified mode [ 'doctemplate/tmpl/members.tmpl', 438, 420 ]
196 silly gunzTarPerm extractEntry doctemplate/tmpl/details.tmpl
197 silly gunzTarPerm modified mode [ 'doctemplate/tmpl/details.tmpl', 438, 420 ]
198 silly gunzTarPerm extractEntry doctemplate/tmpl/navigation.tmpl
199 silly gunzTarPerm modified mode [ 'doctemplate/tmpl/navigation.tmpl', 438, 420 ]
200 silly gunzTarPerm extractEntry doctemplate/tmpl/params.tmpl
201 silly gunzTarPerm modified mode [ 'doctemplate/tmpl/params.tmpl', 438, 420 ]
202 silly gunzTarPerm extractEntry doctemplate/tmpl/properties.tmpl
203 silly gunzTarPerm modified mode [ 'doctemplate/tmpl/properties.tmpl', 438, 420 ]
204 silly gunzTarPerm extractEntry doctemplate/tmpl/returns.tmpl
205 silly gunzTarPerm modified mode [ 'doctemplate/tmpl/returns.tmpl', 438, 420 ]
206 silly gunzTarPerm extractEntry doctemplate/tmpl/source.tmpl
207 silly gunzTarPerm modified mode [ 'doctemplate/tmpl/source.tmpl', 438, 420 ]
208 silly gunzTarPerm extractEntry doctemplate/tmpl/tutorial.tmpl
209 silly gunzTarPerm modified mode [ 'doctemplate/tmpl/tutorial.tmpl', 438, 420 ]
210 silly gunzTarPerm extractEntry doctemplate/tmpl/type.tmpl
211 silly gunzTarPerm modified mode [ 'doctemplate/tmpl/type.tmpl', 438, 420 ]
212 silly gunzTarPerm extractEntry doctemplate/static/fonts/glyphicons-halflings-regular.eot
213 silly gunzTarPerm modified mode [ 'doctemplate/static/fonts/glyphicons-halflings-regular.eot',
213 silly gunzTarPerm   438,
213 silly gunzTarPerm   420 ]
214 silly gunzTarPerm extractEntry doctemplate/static/fonts/glyphicons-halflings-regular.svg
215 silly gunzTarPerm modified mode [ 'doctemplate/static/fonts/glyphicons-halflings-regular.svg',
215 silly gunzTarPerm   438,
215 silly gunzTarPerm   420 ]
216 silly gunzTarPerm extractEntry doctemplate/static/fonts/glyphicons-halflings-regular.ttf
217 silly gunzTarPerm modified mode [ 'doctemplate/static/fonts/glyphicons-halflings-regular.ttf',
217 silly gunzTarPerm   438,
217 silly gunzTarPerm   420 ]
218 silly gunzTarPerm extractEntry doctemplate/static/fonts/glyphicons-halflings-regular.woff
219 silly gunzTarPerm modified mode [ 'doctemplate/static/fonts/glyphicons-halflings-regular.woff',
219 silly gunzTarPerm   438,
219 silly gunzTarPerm   420 ]
220 silly gunzTarPerm extractEntry doctemplate/static/scripts/bootstrap.min.js
221 silly gunzTarPerm modified mode [ 'doctemplate/static/scripts/bootstrap.min.js', 438, 420 ]
222 silly gunzTarPerm extractEntry doctemplate/static/scripts/jquery.min.js
223 silly gunzTarPerm modified mode [ 'doctemplate/static/scripts/jquery.min.js', 438, 420 ]
224 silly gunzTarPerm extractEntry doctemplate/static/scripts/linenumber.js
225 silly gunzTarPerm modified mode [ 'doctemplate/static/scripts/linenumber.js', 438, 420 ]
226 silly gunzTarPerm extractEntry doctemplate/static/scripts/main.js
227 silly gunzTarPerm modified mode [ 'doctemplate/static/scripts/main.js', 438, 420 ]
228 silly gunzTarPerm extractEntry doctemplate/static/scripts/underscore-min.js
229 silly gunzTarPerm modified mode [ 'doctemplate/static/scripts/underscore-min.js', 438, 420 ]
230 silly gunzTarPerm extractEntry doctemplate/static/scripts/jquery.min.map
231 silly gunzTarPerm modified mode [ 'doctemplate/static/scripts/jquery.min.map', 438, 420 ]
232 silly gunzTarPerm extractEntry doctemplate/static/scripts/prettify/lang-css.js
233 silly gunzTarPerm modified mode [ 'doctemplate/static/scripts/prettify/lang-css.js', 438, 420 ]
234 silly gunzTarPerm extractEntry doctemplate/static/scripts/prettify/prettify.js
235 silly gunzTarPerm modified mode [ 'doctemplate/static/scripts/prettify/prettify.js', 438, 420 ]
236 silly gunzTarPerm extractEntry doctemplate/static/scripts/prettify/Apache-License-2.0.txt
237 silly gunzTarPerm modified mode [ 'doctemplate/static/scripts/prettify/Apache-License-2.0.txt',
237 silly gunzTarPerm   438,
237 silly gunzTarPerm   420 ]
238 silly gunzTarPerm extractEntry doctemplate/static/scripts/underscore-min.map
239 silly gunzTarPerm modified mode [ 'doctemplate/static/scripts/underscore-min.map', 438, 420 ]
240 silly gunzTarPerm extractEntry doctemplate/static/styles/bootstrap.min.css
241 silly gunzTarPerm modified mode [ 'doctemplate/static/styles/bootstrap.min.css', 438, 420 ]
242 silly gunzTarPerm extractEntry doctemplate/static/styles/jaguar.css
243 silly gunzTarPerm modified mode [ 'doctemplate/static/styles/jaguar.css', 438, 420 ]
244 silly gunzTarPerm extractEntry doctemplate/static/styles/prettify-jsdoc.css
245 silly gunzTarPerm modified mode [ 'doctemplate/static/styles/prettify-jsdoc.css', 438, 420 ]
246 silly gunzTarPerm extractEntry doctemplate/static/styles/prettify-tomorrow.css
247 silly gunzTarPerm modified mode [ 'doctemplate/static/styles/prettify-tomorrow.css', 438, 420 ]
248 silly gunzTarPerm extractEntry doctemplate/demo/dist/fonts/glyphicons-halflings-regular.eot
249 silly gunzTarPerm modified mode [ 'doctemplate/demo/dist/fonts/glyphicons-halflings-regular.eot',
249 silly gunzTarPerm   438,
249 silly gunzTarPerm   420 ]
250 silly gunzTarPerm extractEntry doctemplate/demo/dist/fonts/glyphicons-halflings-regular.svg
251 silly gunzTarPerm modified mode [ 'doctemplate/demo/dist/fonts/glyphicons-halflings-regular.svg',
251 silly gunzTarPerm   438,
251 silly gunzTarPerm   420 ]
252 silly gunzTarPerm extractEntry doctemplate/demo/dist/fonts/glyphicons-halflings-regular.ttf
253 silly gunzTarPerm modified mode [ 'doctemplate/demo/dist/fonts/glyphicons-halflings-regular.ttf',
253 silly gunzTarPerm   438,
253 silly gunzTarPerm   420 ]
254 silly gunzTarPerm extractEntry doctemplate/demo/dist/fonts/glyphicons-halflings-regular.woff
255 silly gunzTarPerm modified mode [ 'doctemplate/demo/dist/fonts/glyphicons-halflings-regular.woff',
255 silly gunzTarPerm   438,
255 silly gunzTarPerm   420 ]
256 silly gunzTarPerm extractEntry doctemplate/demo/dist/Car.js.html
257 silly gunzTarPerm modified mode [ 'doctemplate/demo/dist/Car.js.html', 438, 420 ]
258 silly gunzTarPerm extractEntry doctemplate/demo/dist/Child.js.html
259 silly gunzTarPerm modified mode [ 'doctemplate/demo/dist/Child.js.html', 438, 420 ]
260 silly gunzTarPerm extractEntry doctemplate/demo/dist/Namespace.js.html
261 silly gunzTarPerm modified mode [ 'doctemplate/demo/dist/Namespace.js.html', 438, 420 ]
262 silly gunzTarPerm extractEntry doctemplate/demo/dist/Parent.html
263 silly gunzTarPerm modified mode [ 'doctemplate/demo/dist/Parent.html', 438, 420 ]
264 silly gunzTarPerm extractEntry doctemplate/demo/dist/Parent.js.html
265 silly gunzTarPerm modified mode [ 'doctemplate/demo/dist/Parent.js.html', 438, 420 ]
266 silly gunzTarPerm extractEntry doctemplate/demo/dist/Child.html
267 silly gunzTarPerm modified mode [ 'doctemplate/demo/dist/Child.html', 438, 420 ]
268 silly gunzTarPerm extractEntry doctemplate/demo/dist/index.html
269 silly gunzTarPerm modified mode [ 'doctemplate/demo/dist/index.html', 438, 420 ]
270 silly gunzTarPerm extractEntry doctemplate/demo/dist/namespace.Car.html
271 silly gunzTarPerm modified mode [ 'doctemplate/demo/dist/namespace.Car.html', 438, 420 ]
272 silly gunzTarPerm extractEntry doctemplate/demo/dist/namespace.html
273 silly gunzTarPerm modified mode [ 'doctemplate/demo/dist/namespace.html', 438, 420 ]
274 silly gunzTarPerm extractEntry doctemplate/demo/dist/scripts/bootstrap.min.js
275 silly gunzTarPerm modified mode [ 'doctemplate/demo/dist/scripts/bootstrap.min.js', 438, 420 ]
276 silly gunzTarPerm extractEntry doctemplate/demo/dist/scripts/jquery.min.js
277 silly gunzTarPerm modified mode [ 'doctemplate/demo/dist/scripts/jquery.min.js', 438, 420 ]
278 silly gunzTarPerm extractEntry doctemplate/demo/dist/scripts/linenumber.js
279 silly gunzTarPerm modified mode [ 'doctemplate/demo/dist/scripts/linenumber.js', 438, 420 ]
280 silly gunzTarPerm extractEntry doctemplate/demo/dist/scripts/main.js
281 silly gunzTarPerm modified mode [ 'doctemplate/demo/dist/scripts/main.js', 438, 420 ]
282 silly gunzTarPerm extractEntry doctemplate/demo/dist/scripts/underscore-min.js
283 silly gunzTarPerm modified mode [ 'doctemplate/demo/dist/scripts/underscore-min.js', 438, 420 ]
284 silly gunzTarPerm extractEntry doctemplate/demo/dist/scripts/jquery.min.map
285 silly gunzTarPerm modified mode [ 'doctemplate/demo/dist/scripts/jquery.min.map', 438, 420 ]
286 silly gunzTarPerm extractEntry doctemplate/demo/dist/scripts/prettify/lang-css.js
287 silly gunzTarPerm modified mode [ 'doctemplate/demo/dist/scripts/prettify/lang-css.js',
287 silly gunzTarPerm   438,
287 silly gunzTarPerm   420 ]
288 silly gunzTarPerm extractEntry doctemplate/demo/dist/scripts/prettify/prettify.js
289 silly gunzTarPerm modified mode [ 'doctemplate/demo/dist/scripts/prettify/prettify.js',
289 silly gunzTarPerm   438,
289 silly gunzTarPerm   420 ]
290 silly gunzTarPerm extractEntry doctemplate/demo/dist/scripts/prettify/Apache-License-2.0.txt
291 silly gunzTarPerm modified mode [ 'doctemplate/demo/dist/scripts/prettify/Apache-License-2.0.txt',
291 silly gunzTarPerm   438,
291 silly gunzTarPerm   420 ]
292 silly gunzTarPerm extractEntry doctemplate/demo/dist/scripts/underscore-min.map
293 silly gunzTarPerm modified mode [ 'doctemplate/demo/dist/scripts/underscore-min.map', 438, 420 ]
294 silly gunzTarPerm extractEntry doctemplate/demo/dist/styles/bootstrap.min.css
295 silly gunzTarPerm modified mode [ 'doctemplate/demo/dist/styles/bootstrap.min.css', 438, 420 ]
296 silly gunzTarPerm extractEntry doctemplate/demo/dist/styles/jaguar.css
297 silly gunzTarPerm modified mode [ 'doctemplate/demo/dist/styles/jaguar.css', 438, 420 ]
298 silly gunzTarPerm extractEntry doctemplate/demo/dist/styles/prettify-jsdoc.css
299 silly gunzTarPerm modified mode [ 'doctemplate/demo/dist/styles/prettify-jsdoc.css', 438, 420 ]
300 silly gunzTarPerm extractEntry doctemplate/demo/dist/styles/prettify-tomorrow.css
301 silly gunzTarPerm modified mode [ 'doctemplate/demo/dist/styles/prettify-tomorrow.css',
301 silly gunzTarPerm   438,
301 silly gunzTarPerm   420 ]
302 silly gunzTarPerm extractEntry doctemplate/demo/sample/Car.js
303 silly gunzTarPerm modified mode [ 'doctemplate/demo/sample/Car.js', 438, 420 ]
304 silly gunzTarPerm extractEntry doctemplate/demo/sample/Child.js
305 silly gunzTarPerm modified mode [ 'doctemplate/demo/sample/Child.js', 438, 420 ]
306 silly gunzTarPerm extractEntry doctemplate/demo/sample/Namespace.js
307 silly gunzTarPerm modified mode [ 'doctemplate/demo/sample/Namespace.js', 438, 420 ]
308 silly gunzTarPerm extractEntry doctemplate/demo/sample/Parent.js
309 silly gunzTarPerm modified mode [ 'doctemplate/demo/sample/Parent.js', 438, 420 ]
310 silly gunzTarPerm extractEntry lib/d3.tip.js
311 silly gunzTarPerm modified mode [ 'lib/d3.tip.js', 438, 420 ]
312 silly gunzTarPerm extractEntry tests/Chart.spec.js
313 silly gunzTarPerm modified mode [ 'tests/Chart.spec.js', 438, 420 ]
314 silly gunzTarPerm extractEntry tests/ColumnSeries.spec.js
315 silly gunzTarPerm modified mode [ 'tests/ColumnSeries.spec.js', 438, 420 ]
316 silly gunzTarPerm extractEntry tests/Dashboard.spec.js
317 silly gunzTarPerm modified mode [ 'tests/Dashboard.spec.js', 438, 420 ]
318 silly gunzTarPerm extractEntry tests/Grouping.spec.js
319 silly gunzTarPerm modified mode [ 'tests/Grouping.spec.js', 438, 420 ]
320 silly gunzTarPerm extractEntry tests/InsightUtils.spec.js
321 silly gunzTarPerm modified mode [ 'tests/InsightUtils.spec.js', 438, 420 ]
322 silly gunzTarPerm extractEntry tests/RowSeries.spec.js
323 silly gunzTarPerm modified mode [ 'tests/RowSeries.spec.js', 438, 420 ]
324 silly gunzTarPerm extractEntry .gitattributes
325 silly gunzTarPerm modified mode [ '.gitattributes', 438, 420 ]
326 silly gunzTarPerm extractEntry src/Dashboard.js
327 silly gunzTarPerm modified mode [ 'src/Dashboard.js', 438, 420 ]
328 silly gunzTarPerm extractEntry src/Insight.js
329 silly gunzTarPerm modified mode [ 'src/Insight.js', 438, 420 ]
330 silly gunzTarPerm extractEntry src/charts/Axis.js
331 silly gunzTarPerm modified mode [ 'src/charts/Axis.js', 438, 420 ]
332 silly gunzTarPerm extractEntry src/charts/BubbleSeries.js
333 silly gunzTarPerm modified mode [ 'src/charts/BubbleSeries.js', 438, 420 ]
334 silly gunzTarPerm extractEntry src/charts/Chart.js
335 silly gunzTarPerm modified mode [ 'src/charts/Chart.js', 438, 420 ]
336 silly gunzTarPerm extractEntry src/charts/ColumnSeries.js
337 silly gunzTarPerm modified mode [ 'src/charts/ColumnSeries.js', 438, 420 ]
338 silly gunzTarPerm extractEntry src/charts/LineSeries.js
339 silly gunzTarPerm modified mode [ 'src/charts/LineSeries.js', 438, 420 ]
340 silly gunzTarPerm extractEntry src/charts/MarkerSeries.js
341 silly gunzTarPerm modified mode [ 'src/charts/MarkerSeries.js', 438, 420 ]
342 silly gunzTarPerm extractEntry src/charts/RowSeries.js
343 silly gunzTarPerm modified mode [ 'src/charts/RowSeries.js', 438, 420 ]
344 silly gunzTarPerm extractEntry src/charts/Scale.js
345 silly gunzTarPerm modified mode [ 'src/charts/Scale.js', 438, 420 ]
346 silly gunzTarPerm extractEntry src/charts/Series.js
347 silly gunzTarPerm modified mode [ 'src/charts/Series.js', 438, 420 ]
348 silly gunzTarPerm extractEntry src/mda/DataSet.js
349 silly gunzTarPerm modified mode [ 'src/mda/DataSet.js', 438, 420 ]
350 silly gunzTarPerm extractEntry src/mda/Dimension.js
351 silly gunzTarPerm modified mode [ 'src/mda/Dimension.js', 438, 420 ]
352 silly gunzTarPerm extractEntry src/mda/Grouping.js
353 silly gunzTarPerm modified mode [ 'src/mda/Grouping.js', 438, 420 ]
354 silly gunzTarPerm extractEntry src/utils/Constants.js
355 silly gunzTarPerm modified mode [ 'src/utils/Constants.js', 438, 420 ]
356 silly gunzTarPerm extractEntry src/utils/InsightCharts.Formatters.js
357 silly gunzTarPerm modified mode [ 'src/utils/InsightCharts.Formatters.js', 438, 420 ]
358 silly gunzTarPerm extractEntry src/utils/InsightCharts.Utils.js
359 silly gunzTarPerm modified mode [ 'src/utils/InsightCharts.Utils.js', 438, 420 ]
360 silly gunzTarPerm extractEntry themes/insight.css
361 silly gunzTarPerm modified mode [ 'themes/insight.css', 438, 420 ]
362 silly lockFile c38fd198-84349-0-3614955795928836-package tar://C:\Users\NSTAVR~1\AppData\Local\Temp\npm-7116-rr3CDoG7\1404130684349-0.3614955795928836\package
363 silly lockFile c38fd198-84349-0-3614955795928836-package tar://C:\Users\NSTAVR~1\AppData\Local\Temp\npm-7116-rr3CDoG7\1404130684349-0.3614955795928836\package
364 silly lockFile a93a372a-84349-0-3614955795928836-tmp-tgz tar://C:\Users\NSTAVR~1\AppData\Local\Temp\npm-7116-rr3CDoG7\1404130684349-0.3614955795928836\tmp.tgz
365 silly lockFile a93a372a-84349-0-3614955795928836-tmp-tgz tar://C:\Users\NSTAVR~1\AppData\Local\Temp\npm-7116-rr3CDoG7\1404130684349-0.3614955795928836\tmp.tgz
366 verbose tar pack [ 'C:\\Users\\nstavrakakis\\AppData\\Roaming\\npm-cache\\insightjs\\0.0.1\\package.tgz',
366 verbose tar pack   'C:\\Users\\NSTAVR~1\\AppData\\Local\\Temp\\npm-7116-rr3CDoG7\\1404130684349-0.3614955795928836\\package' ]
367 verbose tarball C:\Users\nstavrakakis\AppData\Roaming\npm-cache\insightjs\0.0.1\package.tgz
368 verbose folder C:\Users\NSTAVR~1\AppData\Local\Temp\npm-7116-rr3CDoG7\1404130684349-0.3614955795928836\package
369 silly lockFile c38fd198-84349-0-3614955795928836-package tar://C:\Users\NSTAVR~1\AppData\Local\Temp\npm-7116-rr3CDoG7\1404130684349-0.3614955795928836\package
370 verbose lock tar://C:\Users\NSTAVR~1\AppData\Local\Temp\npm-7116-rr3CDoG7\1404130684349-0.3614955795928836\package C:\Users\nstavrakakis\AppData\Roaming\npm-cache\c38fd198-84349-0-3614955795928836-package.lock
371 silly lockFile ecce3c50-ache-insightjs-0-0-1-package-tgz tar://C:\Users\nstavrakakis\AppData\Roaming\npm-cache\insightjs\0.0.1\package.tgz
372 verbose lock tar://C:\Users\nstavrakakis\AppData\Roaming\npm-cache\insightjs\0.0.1\package.tgz C:\Users\nstavrakakis\AppData\Roaming\npm-cache\ecce3c50-ache-insightjs-0-0-1-package-tgz.lock
373 silly lockFile c38fd198-84349-0-3614955795928836-package tar://C:\Users\NSTAVR~1\AppData\Local\Temp\npm-7116-rr3CDoG7\1404130684349-0.3614955795928836\package
374 silly lockFile c38fd198-84349-0-3614955795928836-package tar://C:\Users\NSTAVR~1\AppData\Local\Temp\npm-7116-rr3CDoG7\1404130684349-0.3614955795928836\package
375 silly lockFile ecce3c50-ache-insightjs-0-0-1-package-tgz tar://C:\Users\nstavrakakis\AppData\Roaming\npm-cache\insightjs\0.0.1\package.tgz
376 silly lockFile ecce3c50-ache-insightjs-0-0-1-package-tgz tar://C:\Users\nstavrakakis\AppData\Roaming\npm-cache\insightjs\0.0.1\package.tgz
377 silly lockFile ddd0c1c8-pm-cache-insightjs-0-0-1-package C:\Users\nstavrakakis\AppData\Roaming\npm-cache\insightjs\0.0.1\package
378 verbose lock C:\Users\nstavrakakis\AppData\Roaming\npm-cache\insightjs\0.0.1\package C:\Users\nstavrakakis\AppData\Roaming\npm-cache\ddd0c1c8-pm-cache-insightjs-0-0-1-package.lock
379 silly lockFile ddd0c1c8-pm-cache-insightjs-0-0-1-package C:\Users\nstavrakakis\AppData\Roaming\npm-cache\insightjs\0.0.1\package
380 silly lockFile ddd0c1c8-pm-cache-insightjs-0-0-1-package C:\Users\nstavrakakis\AppData\Roaming\npm-cache\insightjs\0.0.1\package
381 verbose tar unpack C:\Users\nstavrakakis\AppData\Roaming\npm-cache\insightjs\0.0.1\package.tgz
382 silly lockFile 951b028e-pm-cache-insightjs-0-0-1-package tar://C:\Users\nstavrakakis\AppData\Roaming\npm-cache\insightjs\0.0.1\package
383 verbose lock tar://C:\Users\nstavrakakis\AppData\Roaming\npm-cache\insightjs\0.0.1\package C:\Users\nstavrakakis\AppData\Roaming\npm-cache\951b028e-pm-cache-insightjs-0-0-1-package.lock
384 silly lockFile ecce3c50-ache-insightjs-0-0-1-package-tgz tar://C:\Users\nstavrakakis\AppData\Roaming\npm-cache\insightjs\0.0.1\package.tgz
385 verbose lock tar://C:\Users\nstavrakakis\AppData\Roaming\npm-cache\insightjs\0.0.1\package.tgz C:\Users\nstavrakakis\AppData\Roaming\npm-cache\ecce3c50-ache-insightjs-0-0-1-package-tgz.lock
386 silly gunzTarPerm modes [ '755', '644' ]
387 silly gunzTarPerm extractEntry package.json
388 silly gunzTarPerm modified mode [ 'package.json', 438, 420 ]
389 silly gunzTarPerm extractEntry .npmignore
390 silly gunzTarPerm modified mode [ '.npmignore', 438, 420 ]
391 silly gunzTarPerm extractEntry README.md
392 silly gunzTarPerm modified mode [ 'README.md', 438, 420 ]
393 silly gunzTarPerm extractEntry Gruntfile.js
394 silly gunzTarPerm modified mode [ 'Gruntfile.js', 438, 420 ]
395 silly gunzTarPerm extractEntry dist/insight.js
396 silly gunzTarPerm modified mode [ 'dist/insight.js', 438, 420 ]
397 silly gunzTarPerm extractEntry dist/insight.min.js
398 silly gunzTarPerm modified mode [ 'dist/insight.min.js', 438, 420 ]
399 silly gunzTarPerm extractEntry dist/insight.min.css
400 silly gunzTarPerm modified mode [ 'dist/insight.min.css', 438, 420 ]
401 silly gunzTarPerm extractEntry _SpecRunner.html
402 silly gunzTarPerm modified mode [ '_SpecRunner.html', 438, 420 ]
403 silly gunzTarPerm extractEntry bower.json
404 silly gunzTarPerm modified mode [ 'bower.json', 438, 420 ]
405 silly gunzTarPerm extractEntry LICENSE.txt
406 silly gunzTarPerm modified mode [ 'LICENSE.txt', 438, 420 ]
407 silly gunzTarPerm extractEntry doc/MDA.html
408 silly gunzTarPerm modified mode [ 'doc/MDA.html', 438, 420 ]
409 silly gunzTarPerm extractEntry doc/Axis.js.html
410 silly gunzTarPerm modified mode [ 'doc/Axis.js.html', 438, 420 ]
411 silly gunzTarPerm extractEntry doc/ColumnSeries.js.html
412 silly gunzTarPerm modified mode [ 'doc/ColumnSeries.js.html', 438, 420 ]
413 silly gunzTarPerm extractEntry doc/Constants.html
414 silly gunzTarPerm modified mode [ 'doc/Constants.html', 438, 420 ]
415 silly gunzTarPerm extractEntry doc/Constants.isArray.html
416 silly gunzTarPerm modified mode [ 'doc/Constants.isArray.html', 438, 420 ]
417 silly gunzTarPerm extractEntry doc/Dashboard.html
418 silly gunzTarPerm modified mode [ 'doc/Dashboard.html', 438, 420 ]
419 silly gunzTarPerm extractEntry doc/Dashboard.js.html
420 silly gunzTarPerm modified mode [ 'doc/Dashboard.js.html', 438, 420 ]
421 silly gunzTarPerm extractEntry doc/DataSet.html
422 silly gunzTarPerm modified mode [ 'doc/DataSet.html', 438, 420 ]
423 silly gunzTarPerm extractEntry doc/DataSet.js.html
424 silly gunzTarPerm modified mode [ 'doc/DataSet.js.html', 438, 420 ]
425 silly gunzTarPerm extractEntry doc/Dimension.html
426 silly gunzTarPerm modified mode [ 'doc/Dimension.html', 438, 420 ]
427 silly gunzTarPerm extractEntry doc/Dimension.js.html
428 silly gunzTarPerm modified mode [ 'doc/Dimension.js.html', 438, 420 ]
429 silly gunzTarPerm extractEntry doc/Grouping.html
430 silly gunzTarPerm modified mode [ 'doc/Grouping.html', 438, 420 ]
431 silly gunzTarPerm extractEntry doc/Grouping.js.html
432 silly gunzTarPerm modified mode [ 'doc/Grouping.js.html', 438, 420 ]
433 silly gunzTarPerm extractEntry doc/Grouping_filter.html
434 silly gunzTarPerm modified mode [ 'doc/Grouping_filter.html', 438, 420 ]
435 silly gunzTarPerm extractEntry doc/Grouping_getData.html
436 silly gunzTarPerm modified mode [ 'doc/Grouping_getData.html', 438, 420 ]
437 silly gunzTarPerm extractEntry doc/Grouping_reduceMultiDimension.html
438 silly gunzTarPerm modified mode [ 'doc/Grouping_reduceMultiDimension.html', 438, 420 ]
439 silly gunzTarPerm extractEntry doc/InsightCharts.Constants.js.html
440 silly gunzTarPerm modified mode [ 'doc/InsightCharts.Constants.js.html', 438, 420 ]
441 silly gunzTarPerm extractEntry doc/InsightCharts.Utils.js.html
442 silly gunzTarPerm modified mode [ 'doc/InsightCharts.Utils.js.html', 438, 420 ]
443 silly gunzTarPerm extractEntry doc/InsightUtils.html
444 silly gunzTarPerm modified mode [ 'doc/InsightUtils.html', 438, 420 ]
445 silly gunzTarPerm extractEntry doc/Chart.js.html
446 silly gunzTarPerm modified mode [ 'doc/Chart.js.html', 438, 420 ]
447 silly gunzTarPerm extractEntry doc/MarkerSeries.js.html
448 silly gunzTarPerm modified mode [ 'doc/MarkerSeries.js.html', 438, 420 ]
449 silly gunzTarPerm extractEntry doc/RowSeries.js.html
450 silly gunzTarPerm modified mode [ 'doc/RowSeries.js.html', 438, 420 ]
451 silly gunzTarPerm extractEntry doc/Series.js.html
452 silly gunzTarPerm modified mode [ 'doc/Series.js.html', 438, 420 ]
453 silly gunzTarPerm extractEntry doc/findMax.html
454 silly gunzTarPerm modified mode [ 'doc/findMax.html', 438, 420 ]
455 silly gunzTarPerm extractEntry doc/fonts/glyphicons-halflings-regular.eot
456 silly gunzTarPerm modified mode [ 'doc/fonts/glyphicons-halflings-regular.eot', 438, 420 ]
457 silly gunzTarPerm extractEntry doc/fonts/glyphicons-halflings-regular.svg
458 silly gunzTarPerm modified mode [ 'doc/fonts/glyphicons-halflings-regular.svg', 438, 420 ]
459 silly gunzTarPerm extractEntry doc/fonts/glyphicons-halflings-regular.ttf
460 silly gunzTarPerm modified mode [ 'doc/fonts/glyphicons-halflings-regular.ttf', 438, 420 ]
461 silly gunzTarPerm extractEntry doc/fonts/glyphicons-halflings-regular.woff
462 silly gunzTarPerm modified mode [ 'doc/fonts/glyphicons-halflings-regular.woff', 438, 420 ]
463 silly gunzTarPerm extractEntry doc/global.html
464 silly gunzTarPerm modified mode [ 'doc/global.html', 438, 420 ]
465 silly gunzTarPerm extractEntry doc/index.html
466 silly gunzTarPerm modified mode [ 'doc/index.html', 438, 420 ]
467 silly gunzTarPerm extractEntry doc/insight_findMax.html
468 silly gunzTarPerm modified mode [ 'doc/insight_findMax.html', 438, 420 ]
469 silly gunzTarPerm extractEntry doc/insight_tickRotation.html
470 silly gunzTarPerm modified mode [ 'doc/insight_tickRotation.html', 438, 420 ]
471 silly gunzTarPerm extractEntry doc/module-Dimension.html
472 silly gunzTarPerm modified mode [ 'doc/module-Dimension.html', 438, 420 ]
473 silly gunzTarPerm extractEntry doc/module-InsightUtils.html
474 silly gunzTarPerm modified mode [ 'doc/module-InsightUtils.html', 438, 420 ]
475 silly gunzTarPerm extractEntry doc/module-InsightUtils.isArray.html
476 silly gunzTarPerm modified mode [ 'doc/module-InsightUtils.isArray.html', 438, 420 ]
477 silly gunzTarPerm extractEntry doc/module-InsightUtils.somethingElse.html
478 silly gunzTarPerm modified mode [ 'doc/module-InsightUtils.somethingElse.html', 438, 420 ]
479 silly gunzTarPerm extractEntry doc/module-MDA.html
480 silly gunzTarPerm modified mode [ 'doc/module-MDA.html', 438, 420 ]
481 silly gunzTarPerm extractEntry doc/scripts/bootstrap.min.js
482 silly gunzTarPerm modified mode [ 'doc/scripts/bootstrap.min.js', 438, 420 ]
483 silly gunzTarPerm extractEntry doc/scripts/jquery.min.js
484 silly gunzTarPerm modified mode [ 'doc/scripts/jquery.min.js', 438, 420 ]
485 silly gunzTarPerm extractEntry doc/scripts/linenumber.js
486 silly gunzTarPerm modified mode [ 'doc/scripts/linenumber.js', 438, 420 ]
487 silly gunzTarPerm extractEntry doc/scripts/main.js
488 silly gunzTarPerm modified mode [ 'doc/scripts/main.js', 438, 420 ]
489 silly gunzTarPerm extractEntry doc/scripts/underscore-min.js
490 silly gunzTarPerm modified mode [ 'doc/scripts/underscore-min.js', 438, 420 ]
491 silly gunzTarPerm extractEntry doc/scripts/jquery.min.map
492 silly gunzTarPerm modified mode [ 'doc/scripts/jquery.min.map', 438, 420 ]
493 silly gunzTarPerm extractEntry doc/scripts/prettify/lang-css.js
494 silly gunzTarPerm modified mode [ 'doc/scripts/prettify/lang-css.js', 438, 420 ]
495 silly gunzTarPerm extractEntry doc/scripts/prettify/prettify.js
496 silly gunzTarPerm modified mode [ 'doc/scripts/prettify/prettify.js', 438, 420 ]
497 silly gunzTarPerm extractEntry doc/scripts/prettify/Apache-License-2.0.txt
498 silly gunzTarPerm modified mode [ 'doc/scripts/prettify/Apache-License-2.0.txt', 438, 420 ]
499 silly gunzTarPerm extractEntry doc/scripts/underscore-min.map
500 silly gunzTarPerm modified mode [ 'doc/scripts/underscore-min.map', 438, 420 ]
501 silly gunzTarPerm extractEntry doc/seriesMax.html
502 silly gunzTarPerm modified mode [ 'doc/seriesMax.html', 438, 420 ]
503 silly gunzTarPerm extractEntry doc/styles/bootstrap.min.css
504 silly gunzTarPerm modified mode [ 'doc/styles/bootstrap.min.css', 438, 420 ]
505 silly gunzTarPerm extractEntry doc/styles/jaguar.css
506 silly gunzTarPerm modified mode [ 'doc/styles/jaguar.css', 438, 420 ]
507 silly gunzTarPerm extractEntry doc/styles/jsdoc-default.css
508 silly gunzTarPerm modified mode [ 'doc/styles/jsdoc-default.css', 438, 420 ]
509 silly gunzTarPerm extractEntry doc/styles/prettify-jsdoc.css
510 silly gunzTarPerm modified mode [ 'doc/styles/prettify-jsdoc.css', 438, 420 ]
511 silly gunzTarPerm extractEntry doc/styles/prettify-tomorrow.css
512 silly gunzTarPerm modified mode [ 'doc/styles/prettify-tomorrow.css', 438, 420 ]
513 silly gunzTarPerm extractEntry doc/tickRotation.html
514 silly gunzTarPerm modified mode [ 'doc/tickRotation.html', 438, 420 ]
515 silly gunzTarPerm extractEntry doctemplate/package.json
516 silly gunzTarPerm modified mode [ 'doctemplate/package.json', 438, 420 ]
517 silly gunzTarPerm extractEntry doctemplate/.npmignore
518 silly gunzTarPerm modified mode [ 'doctemplate/.npmignore', 438, 420 ]
519 silly gunzTarPerm extractEntry doctemplate/README.md
520 silly gunzTarPerm modified mode [ 'doctemplate/README.md', 438, 420 ]
521 silly gunzTarPerm extractEntry doctemplate/LICENSE
522 silly gunzTarPerm modified mode [ 'doctemplate/LICENSE', 438, 420 ]
523 silly gunzTarPerm extractEntry doctemplate/Gruntfile.js
524 silly gunzTarPerm modified mode [ 'doctemplate/Gruntfile.js', 438, 420 ]
525 silly gunzTarPerm extractEntry doctemplate/publish.js
526 silly gunzTarPerm modified mode [ 'doctemplate/publish.js', 438, 420 ]
527 silly gunzTarPerm extractEntry doctemplate/less/common.less
528 silly gunzTarPerm modified mode [ 'doctemplate/less/common.less', 438, 420 ]
529 silly gunzTarPerm extractEntry doctemplate/less/footer.less
530 silly gunzTarPerm modified mode [ 'doctemplate/less/footer.less', 438, 420 ]
531 silly gunzTarPerm extractEntry doctemplate/less/jaguar.less
532 silly gunzTarPerm modified mode [ 'doctemplate/less/jaguar.less', 438, 420 ]
533 silly gunzTarPerm extractEntry doctemplate/less/main.less
534 silly gunzTarPerm modified mode [ 'doctemplate/less/main.less', 438, 420 ]
535 silly gunzTarPerm extractEntry doctemplate/less/navigation.less
536 silly gunzTarPerm modified mode [ 'doctemplate/less/navigation.less', 438, 420 ]
537 silly gunzTarPerm extractEntry doctemplate/conf.json
538 silly gunzTarPerm modified mode [ 'doctemplate/conf.json', 438, 420 ]
539 silly gunzTarPerm extractEntry doctemplate/tmpl/method.tmpl
540 silly gunzTarPerm modified mode [ 'doctemplate/tmpl/method.tmpl', 438, 420 ]
541 silly gunzTarPerm extractEntry doctemplate/tmpl/container.tmpl
542 silly gunzTarPerm modified mode [ 'doctemplate/tmpl/container.tmpl', 438, 420 ]
543 silly gunzTarPerm extractEntry doctemplate/tmpl/example.tmpl
544 silly gunzTarPerm modified mode [ 'doctemplate/tmpl/example.tmpl', 438, 420 ]
545 silly gunzTarPerm extractEntry doctemplate/tmpl/examples.tmpl
546 silly gunzTarPerm modified mode [ 'doctemplate/tmpl/examples.tmpl', 438, 420 ]
547 silly gunzTarPerm extractEntry doctemplate/tmpl/exceptions.tmpl
548 silly gunzTarPerm modified mode [ 'doctemplate/tmpl/exceptions.tmpl', 438, 420 ]
549 silly gunzTarPerm extractEntry doctemplate/tmpl/layout.tmpl
550 silly gunzTarPerm modified mode [ 'doctemplate/tmpl/layout.tmpl', 438, 420 ]
551 silly gunzTarPerm extractEntry doctemplate/tmpl/mainpage.tmpl
552 silly gunzTarPerm modified mode [ 'doctemplate/tmpl/mainpage.tmpl', 438, 420 ]
553 silly gunzTarPerm extractEntry doctemplate/tmpl/members.tmpl
554 silly gunzTarPerm modified mode [ 'doctemplate/tmpl/members.tmpl', 438, 420 ]
555 silly gunzTarPerm extractEntry doctemplate/tmpl/details.tmpl
556 silly gunzTarPerm modified mode [ 'doctemplate/tmpl/details.tmpl', 438, 420 ]
557 silly gunzTarPerm extractEntry doctemplate/tmpl/navigation.tmpl
558 silly gunzTarPerm modified mode [ 'doctemplate/tmpl/navigation.tmpl', 438, 420 ]
559 silly gunzTarPerm extractEntry doctemplate/tmpl/params.tmpl
560 silly gunzTarPerm modified mode [ 'doctemplate/tmpl/params.tmpl', 438, 420 ]
561 silly gunzTarPerm extractEntry doctemplate/tmpl/properties.tmpl
562 silly gunzTarPerm modified mode [ 'doctemplate/tmpl/properties.tmpl', 438, 420 ]
563 silly gunzTarPerm extractEntry doctemplate/tmpl/returns.tmpl
564 silly gunzTarPerm modified mode [ 'doctemplate/tmpl/returns.tmpl', 438, 420 ]
565 silly gunzTarPerm extractEntry doctemplate/tmpl/source.tmpl
566 silly gunzTarPerm modified mode [ 'doctemplate/tmpl/source.tmpl', 438, 420 ]
567 silly gunzTarPerm extractEntry doctemplate/tmpl/tutorial.tmpl
568 silly gunzTarPerm modified mode [ 'doctemplate/tmpl/tutorial.tmpl', 438, 420 ]
569 silly gunzTarPerm extractEntry doctemplate/tmpl/type.tmpl
570 silly gunzTarPerm modified mode [ 'doctemplate/tmpl/type.tmpl', 438, 420 ]
571 silly gunzTarPerm extractEntry doctemplate/static/fonts/glyphicons-halflings-regular.eot
572 silly gunzTarPerm modified mode [ 'doctemplate/static/fonts/glyphicons-halflings-regular.eot',
572 silly gunzTarPerm   438,
572 silly gunzTarPerm   420 ]
573 silly gunzTarPerm extractEntry doctemplate/static/fonts/glyphicons-halflings-regular.svg
574 silly gunzTarPerm modified mode [ 'doctemplate/static/fonts/glyphicons-halflings-regular.svg',
574 silly gunzTarPerm   438,
574 silly gunzTarPerm   420 ]
575 silly gunzTarPerm extractEntry doctemplate/static/fonts/glyphicons-halflings-regular.ttf
576 silly gunzTarPerm modified mode [ 'doctemplate/static/fonts/glyphicons-halflings-regular.ttf',
576 silly gunzTarPerm   438,
576 silly gunzTarPerm   420 ]
577 silly gunzTarPerm extractEntry doctemplate/static/fonts/glyphicons-halflings-regular.woff
578 silly gunzTarPerm modified mode [ 'doctemplate/static/fonts/glyphicons-halflings-regular.woff',
578 silly gunzTarPerm   438,
578 silly gunzTarPerm   420 ]
579 silly gunzTarPerm extractEntry doctemplate/static/scripts/bootstrap.min.js
580 silly gunzTarPerm modified mode [ 'doctemplate/static/scripts/bootstrap.min.js', 438, 420 ]
581 silly gunzTarPerm extractEntry doctemplate/static/scripts/jquery.min.js
582 silly gunzTarPerm modified mode [ 'doctemplate/static/scripts/jquery.min.js', 438, 420 ]
583 silly gunzTarPerm extractEntry doctemplate/static/scripts/linenumber.js
584 silly gunzTarPerm modified mode [ 'doctemplate/static/scripts/linenumber.js', 438, 420 ]
585 silly gunzTarPerm extractEntry doctemplate/static/scripts/main.js
586 silly gunzTarPerm modified mode [ 'doctemplate/static/scripts/main.js', 438, 420 ]
587 silly gunzTarPerm extractEntry doctemplate/static/scripts/underscore-min.js
588 silly gunzTarPerm modified mode [ 'doctemplate/static/scripts/underscore-min.js', 438, 420 ]
589 silly gunzTarPerm extractEntry doctemplate/static/scripts/jquery.min.map
590 silly gunzTarPerm modified mode [ 'doctemplate/static/scripts/jquery.min.map', 438, 420 ]
591 silly gunzTarPerm extractEntry doctemplate/static/scripts/prettify/lang-css.js
592 silly gunzTarPerm modified mode [ 'doctemplate/static/scripts/prettify/lang-css.js', 438, 420 ]
593 silly gunzTarPerm extractEntry doctemplate/static/scripts/prettify/prettify.js
594 silly gunzTarPerm modified mode [ 'doctemplate/static/scripts/prettify/prettify.js', 438, 420 ]
595 silly gunzTarPerm extractEntry doctemplate/static/scripts/prettify/Apache-License-2.0.txt
596 silly gunzTarPerm modified mode [ 'doctemplate/static/scripts/prettify/Apache-License-2.0.txt',
596 silly gunzTarPerm   438,
596 silly gunzTarPerm   420 ]
597 silly gunzTarPerm extractEntry doctemplate/static/scripts/underscore-min.map
598 silly gunzTarPerm modified mode [ 'doctemplate/static/scripts/underscore-min.map', 438, 420 ]
599 silly gunzTarPerm extractEntry doctemplate/static/styles/bootstrap.min.css
600 silly gunzTarPerm modified mode [ 'doctemplate/static/styles/bootstrap.min.css', 438, 420 ]
601 silly gunzTarPerm extractEntry doctemplate/static/styles/jaguar.css
602 silly gunzTarPerm modified mode [ 'doctemplate/static/styles/jaguar.css', 438, 420 ]
603 silly gunzTarPerm extractEntry doctemplate/static/styles/prettify-jsdoc.css
604 silly gunzTarPerm modified mode [ 'doctemplate/static/styles/prettify-jsdoc.css', 438, 420 ]
605 silly gunzTarPerm extractEntry doctemplate/static/styles/prettify-tomorrow.css
606 silly gunzTarPerm modified mode [ 'doctemplate/static/styles/prettify-tomorrow.css', 438, 420 ]
607 silly gunzTarPerm extractEntry doctemplate/demo/dist/fonts/glyphicons-halflings-regular.eot
608 silly gunzTarPerm modified mode [ 'doctemplate/demo/dist/fonts/glyphicons-halflings-regular.eot',
608 silly gunzTarPerm   438,
608 silly gunzTarPerm   420 ]
609 silly gunzTarPerm extractEntry doctemplate/demo/dist/fonts/glyphicons-halflings-regular.svg
610 silly gunzTarPerm modified mode [ 'doctemplate/demo/dist/fonts/glyphicons-halflings-regular.svg',
610 silly gunzTarPerm   438,
610 silly gunzTarPerm   420 ]
611 silly gunzTarPerm extractEntry doctemplate/demo/dist/fonts/glyphicons-halflings-regular.ttf
612 silly gunzTarPerm modified mode [ 'doctemplate/demo/dist/fonts/glyphicons-halflings-regular.ttf',
612 silly gunzTarPerm   438,
612 silly gunzTarPerm   420 ]
613 silly gunzTarPerm extractEntry doctemplate/demo/dist/fonts/glyphicons-halflings-regular.woff
614 silly gunzTarPerm modified mode [ 'doctemplate/demo/dist/fonts/glyphicons-halflings-regular.woff',
614 silly gunzTarPerm   438,
614 silly gunzTarPerm   420 ]
615 silly gunzTarPerm extractEntry doctemplate/demo/dist/Car.js.html
616 silly gunzTarPerm modified mode [ 'doctemplate/demo/dist/Car.js.html', 438, 420 ]
617 silly gunzTarPerm extractEntry doctemplate/demo/dist/Child.js.html
618 silly gunzTarPerm modified mode [ 'doctemplate/demo/dist/Child.js.html', 438, 420 ]
619 silly gunzTarPerm extractEntry doctemplate/demo/dist/Namespace.js.html
620 silly gunzTarPerm modified mode [ 'doctemplate/demo/dist/Namespace.js.html', 438, 420 ]
621 silly gunzTarPerm extractEntry doctemplate/demo/dist/Parent.html
622 silly gunzTarPerm modified mode [ 'doctemplate/demo/dist/Parent.html', 438, 420 ]
623 silly gunzTarPerm extractEntry doctemplate/demo/dist/Parent.js.html
624 silly gunzTarPerm modified mode [ 'doctemplate/demo/dist/Parent.js.html', 438, 420 ]
625 silly gunzTarPerm extractEntry doctemplate/demo/dist/Child.html
626 silly gunzTarPerm modified mode [ 'doctemplate/demo/dist/Child.html', 438, 420 ]
627 silly gunzTarPerm extractEntry doctemplate/demo/dist/index.html
628 silly gunzTarPerm modified mode [ 'doctemplate/demo/dist/index.html', 438, 420 ]
629 silly gunzTarPerm extractEntry doctemplate/demo/dist/namespace.Car.html
630 silly gunzTarPerm modified mode [ 'doctemplate/demo/dist/namespace.Car.html', 438, 420 ]
631 silly gunzTarPerm extractEntry doctemplate/demo/dist/namespace.html
632 silly gunzTarPerm modified mode [ 'doctemplate/demo/dist/namespace.html', 438, 420 ]
633 silly gunzTarPerm extractEntry doctemplate/demo/dist/scripts/bootstrap.min.js
634 silly gunzTarPerm modified mode [ 'doctemplate/demo/dist/scripts/bootstrap.min.js', 438, 420 ]
635 silly gunzTarPerm extractEntry doctemplate/demo/dist/scripts/jquery.min.js
636 silly gunzTarPerm modified mode [ 'doctemplate/demo/dist/scripts/jquery.min.js', 438, 420 ]
637 silly gunzTarPerm extractEntry doctemplate/demo/dist/scripts/linenumber.js
638 silly gunzTarPerm modified mode [ 'doctemplate/demo/dist/scripts/linenumber.js', 438, 420 ]
639 silly gunzTarPerm extractEntry doctemplate/demo/dist/scripts/main.js
640 silly gunzTarPerm modified mode [ 'doctemplate/demo/dist/scripts/main.js', 438, 420 ]
641 silly gunzTarPerm extractEntry doctemplate/demo/dist/scripts/underscore-min.js
642 silly gunzTarPerm modified mode [ 'doctemplate/demo/dist/scripts/underscore-min.js', 438, 420 ]
643 silly gunzTarPerm extractEntry doctemplate/demo/dist/scripts/jquery.min.map
644 silly gunzTarPerm modified mode [ 'doctemplate/demo/dist/scripts/jquery.min.map', 438, 420 ]
645 silly gunzTarPerm extractEntry doctemplate/demo/dist/scripts/prettify/lang-css.js
646 silly gunzTarPerm modified mode [ 'doctemplate/demo/dist/scripts/prettify/lang-css.js',
646 silly gunzTarPerm   438,
646 silly gunzTarPerm   420 ]
647 silly gunzTarPerm extractEntry doctemplate/demo/dist/scripts/prettify/prettify.js
648 silly gunzTarPerm modified mode [ 'doctemplate/demo/dist/scripts/prettify/prettify.js',
648 silly gunzTarPerm   438,
648 silly gunzTarPerm   420 ]
649 silly gunzTarPerm extractEntry doctemplate/demo/dist/scripts/prettify/Apache-License-2.0.txt
650 silly gunzTarPerm modified mode [ 'doctemplate/demo/dist/scripts/prettify/Apache-License-2.0.txt',
650 silly gunzTarPerm   438,
650 silly gunzTarPerm   420 ]
651 silly gunzTarPerm extractEntry doctemplate/demo/dist/scripts/underscore-min.map
652 silly gunzTarPerm modified mode [ 'doctemplate/demo/dist/scripts/underscore-min.map', 438, 420 ]
653 silly gunzTarPerm extractEntry doctemplate/demo/dist/styles/bootstrap.min.css
654 silly gunzTarPerm modified mode [ 'doctemplate/demo/dist/styles/bootstrap.min.css', 438, 420 ]
655 silly gunzTarPerm extractEntry doctemplate/demo/dist/styles/jaguar.css
656 silly gunzTarPerm modified mode [ 'doctemplate/demo/dist/styles/jaguar.css', 438, 420 ]
657 silly gunzTarPerm extractEntry doctemplate/demo/dist/styles/prettify-jsdoc.css
658 silly gunzTarPerm modified mode [ 'doctemplate/demo/dist/styles/prettify-jsdoc.css', 438, 420 ]
659 silly gunzTarPerm extractEntry doctemplate/demo/dist/styles/prettify-tomorrow.css
660 silly gunzTarPerm modified mode [ 'doctemplate/demo/dist/styles/prettify-tomorrow.css',
660 silly gunzTarPerm   438,
660 silly gunzTarPerm   420 ]
661 silly gunzTarPerm extractEntry doctemplate/demo/sample/Car.js
662 silly gunzTarPerm modified mode [ 'doctemplate/demo/sample/Car.js', 438, 420 ]
663 silly gunzTarPerm extractEntry doctemplate/demo/sample/Child.js
664 silly gunzTarPerm modified mode [ 'doctemplate/demo/sample/Child.js', 438, 420 ]
665 silly gunzTarPerm extractEntry doctemplate/demo/sample/Namespace.js
666 silly gunzTarPerm modified mode [ 'doctemplate/demo/sample/Namespace.js', 438, 420 ]
667 silly gunzTarPerm extractEntry doctemplate/demo/sample/Parent.js
668 silly gunzTarPerm modified mode [ 'doctemplate/demo/sample/Parent.js', 438, 420 ]
669 silly gunzTarPerm extractEntry lib/d3.tip.js
670 silly gunzTarPerm modified mode [ 'lib/d3.tip.js', 438, 420 ]
671 silly gunzTarPerm extractEntry .gitattributes
672 silly gunzTarPerm modified mode [ '.gitattributes', 438, 420 ]
673 silly gunzTarPerm extractEntry src/Dashboard.js
674 silly gunzTarPerm modified mode [ 'src/Dashboard.js', 438, 420 ]
675 silly gunzTarPerm extractEntry src/Insight.js
676 silly gunzTarPerm modified mode [ 'src/Insight.js', 438, 420 ]
677 silly gunzTarPerm extractEntry src/charts/Axis.js
678 silly gunzTarPerm modified mode [ 'src/charts/Axis.js', 438, 420 ]
679 silly gunzTarPerm extractEntry src/charts/BubbleSeries.js
680 silly gunzTarPerm modified mode [ 'src/charts/BubbleSeries.js', 438, 420 ]
681 silly gunzTarPerm extractEntry src/charts/Chart.js
682 silly gunzTarPerm modified mode [ 'src/charts/Chart.js', 438, 420 ]
683 silly gunzTarPerm extractEntry src/charts/ColumnSeries.js
684 silly gunzTarPerm modified mode [ 'src/charts/ColumnSeries.js', 438, 420 ]
685 silly gunzTarPerm extractEntry src/charts/LineSeries.js
686 silly gunzTarPerm modified mode [ 'src/charts/LineSeries.js', 438, 420 ]
687 silly gunzTarPerm extractEntry src/charts/MarkerSeries.js
688 silly gunzTarPerm modified mode [ 'src/charts/MarkerSeries.js', 438, 420 ]
689 silly gunzTarPerm extractEntry src/charts/RowSeries.js
690 silly gunzTarPerm modified mode [ 'src/charts/RowSeries.js', 438, 420 ]
691 silly gunzTarPerm extractEntry src/charts/Scale.js
692 silly gunzTarPerm modified mode [ 'src/charts/Scale.js', 438, 420 ]
693 silly gunzTarPerm extractEntry src/charts/Series.js
694 silly gunzTarPerm modified mode [ 'src/charts/Series.js', 438, 420 ]
695 silly gunzTarPerm extractEntry src/mda/DataSet.js
696 silly gunzTarPerm modified mode [ 'src/mda/DataSet.js', 438, 420 ]
697 silly gunzTarPerm extractEntry src/mda/Dimension.js
698 silly gunzTarPerm modified mode [ 'src/mda/Dimension.js', 438, 420 ]
699 silly gunzTarPerm extractEntry src/mda/Grouping.js
700 silly gunzTarPerm modified mode [ 'src/mda/Grouping.js', 438, 420 ]
701 silly gunzTarPerm extractEntry src/utils/Constants.js
702 silly gunzTarPerm modified mode [ 'src/utils/Constants.js', 438, 420 ]
703 silly gunzTarPerm extractEntry src/utils/InsightCharts.Formatters.js
704 silly gunzTarPerm modified mode [ 'src/utils/InsightCharts.Formatters.js', 438, 420 ]
705 silly gunzTarPerm extractEntry src/utils/InsightCharts.Utils.js
706 silly gunzTarPerm modified mode [ 'src/utils/InsightCharts.Utils.js', 438, 420 ]
707 silly gunzTarPerm extractEntry tests/Chart.spec.js
708 silly gunzTarPerm modified mode [ 'tests/Chart.spec.js', 438, 420 ]
709 silly gunzTarPerm extractEntry tests/ColumnSeries.spec.js
710 silly gunzTarPerm modified mode [ 'tests/ColumnSeries.spec.js', 438, 420 ]
711 silly gunzTarPerm extractEntry tests/Dashboard.spec.js
712 silly gunzTarPerm modified mode [ 'tests/Dashboard.spec.js', 438, 420 ]
713 silly gunzTarPerm extractEntry tests/Grouping.spec.js
714 silly gunzTarPerm modified mode [ 'tests/Grouping.spec.js', 438, 420 ]
715 silly gunzTarPerm extractEntry tests/InsightUtils.spec.js
716 silly gunzTarPerm modified mode [ 'tests/InsightUtils.spec.js', 438, 420 ]
717 silly gunzTarPerm extractEntry tests/RowSeries.spec.js
718 silly gunzTarPerm modified mode [ 'tests/RowSeries.spec.js', 438, 420 ]
719 silly gunzTarPerm extractEntry themes/insight.css
720 silly gunzTarPerm modified mode [ 'themes/insight.css', 438, 420 ]
721 silly lockFile 951b028e-pm-cache-insightjs-0-0-1-package tar://C:\Users\nstavrakakis\AppData\Roaming\npm-cache\insightjs\0.0.1\package
722 silly lockFile 951b028e-pm-cache-insightjs-0-0-1-package tar://C:\Users\nstavrakakis\AppData\Roaming\npm-cache\insightjs\0.0.1\package
723 silly lockFile ecce3c50-ache-insightjs-0-0-1-package-tgz tar://C:\Users\nstavrakakis\AppData\Roaming\npm-cache\insightjs\0.0.1\package.tgz
724 silly lockFile ecce3c50-ache-insightjs-0-0-1-package-tgz tar://C:\Users\nstavrakakis\AppData\Roaming\npm-cache\insightjs\0.0.1\package.tgz
725 verbose chmod C:\Users\nstavrakakis\AppData\Roaming\npm-cache\insightjs\0.0.1\package.tgz 644
726 silly chown skipping for windows C:\Users\nstavrakakis\AppData\Roaming\npm-cache\insightjs\0.0.1\package.tgz
727 silly lockFile 0ee6c175- ./
728 silly lockFile 0ee6c175- ./
729 silly publish { name: 'insightjs',
729 silly publish   filename: 'insight.min.js',
729 silly publish   version: '0.0.1',
729 silly publish   license: 'MIT',
729 silly publish   keywords:
729 silly publish    [ 'visualization',
729 silly publish      'insight',
729 silly publish      'svg',
729 silly publish      'animation',
729 silly publish      'canvas',
729 silly publish      'chart',
729 silly publish      'dimensional',
729 silly publish      'crossfilter',
729 silly publish      'd3' ],
729 silly publish   homepage: 'https://github.com/scottlogic/insight',
729 silly publish   bugs: { url: 'https://github.com/scottlogic/insight/issues' },
729 silly publish   author: { name: 'Nicholas Stavrakakis' },
729 silly publish   repository:
729 silly publish    { type: 'git',
729 silly publish      url: 'https://github.com/scottlogic/insight.git' },
729 silly publish   dependencies: { crossfilter: '1.x', d3: '3.x' },
729 silly publish   npmName: 'insightjs',
729 silly publish   npmFileMap: [ { basePath: 'dist/', files: [Object] } ],
729 silly publish   description: 'InsightJS is a data aggregation and vizualization library for quickly analyzing datasets in Javascript.',
729 silly publish   devDependencies:
729 silly publish    { bower: '~1.3.5',
729 silly publish      grunt: '~0.4.4',
729 silly publish      jsdoc: '<=3.3.0',
729 silly publish      'grunt-open': '~0.2.*',
729 silly publish      'grunt-jsdoc': '0.5.4',
729 silly publish      'grunt-contrib-uglify': '~0.2.2',
729 silly publish      'grunt-contrib-concat': '~0.3.0',
729 silly publish      'grunt-contrib-cssmin': '~0.10.0',
729 silly publish      'grunt-contrib-jshint': '~0.8.0',
729 silly publish      'grunt-contrib-watch': '~0.6.0',
729 silly publish      'grunt-contrib-copy': '~0.5.0',
729 silly publish      'grunt-contrib-connect': '~0.7.1',
729 silly publish      'grunt-jsbeautifier': '~0.2.6',
729 silly publish      'grunt-contrib-jasmine': '~0.5.2',
729 silly publish      'connect-livereload': '~0.3.0',
729 silly publish      'grunt-template-jasmine-requirejs': '~0.1.7' },
729 silly publish   readme: 'InsightJS\r\n=======\r\n\r\nInsightJS is a JavaScript data aggregation and visualization library that allows you to quickly load and find patterns in datasets.  Given a data set, InsightJS can group the records across the dimensions of the data to quickly aggregate and provide statistics on the data.\r\n\r\n### Getting Started\r\n\r\nInsightJS requires the following libraries:\r\n- [d3.js](https://github.com/mbostock/d3)\r\n- [d3-tip.js](https://github.com/Caged/d3-tip)\r\n- [crossfilter](https://github.com/square/crossfilter/)\r\n\r\nInclude the required libraries and InsightJS. Include an optional stylesheet theme, or create your own.\r\n\r\nLoad a dataset and start analyzing and creating charts!\r\n\r\n```\r\n<script src="lib/crossfilter.js"></script>\r\n<script src="lib/d3.js"></script>\r\n<script src="lib/d3.tip.js" data-manual></script>\r\n<script type="text/javascript" src="./dist/insightjs.min.js"></script>\r\n```\r\n\r\n```javascript\r\nd3.json("appstore.json", function(data)\r\n  {\r\n    var dataset = new insight.DataSet(data);\r\n    \r\n    var country = dataset.group("genre", function(d)\r\n    {\r\n        return d.Country;\r\n    }).mean([\'price\'];\r\n    \r\n    var chart = new insight.Chart("AppGenres", "#chart")\r\n        .width(400)\r\n        .height(350)\r\n        .title("Genres")\r\n        .autoMargin(true);\r\n        \r\n    var columns = chart.addColumnSeries(\r\n    {\r\n        name: "AveragePrice",\r\n        data: genre,\r\n        accessor: function(d)\r\n        {\r\n            return d.value.price.Average;\r\n        },\r\n        color: "#ACC3EE"\r\n    });\r\n    \r\n    insight.drawCharts();\r\n});\r\n\r\n```\r\n### Information\r\n\r\n- View some examples at [InsightJS](http://scottlogic.github.io/insight/)\r\n- Find out more at our [Wiki Page](https://github.com/ScottLogic/insight/wiki)\r\n- Ask us questions in our [Google Group](https://groups.google.com/forum/#!forum/insightjs/)\r\n\r\n### License\r\nInsightJS is licensed under the [MIT License](http://opensource.org/licenses/MIT)\r\n',
729 silly publish   readmeFilename: 'README.md',
729 silly publish   _id: 'insightjs@0.0.1',
729 silly publish   dist: { shasum: '4d30784c1ad5a4a60c32fb08ac0c3212d65f54a4' },
729 silly publish   _from: './' }
730 verbose url raw insightjs
731 verbose url resolving [ 'https://registry.npmjs.org/', './insightjs' ]
732 verbose url resolved https://registry.npmjs.org/insightjs
733 info trying registry request attempt 1 at 13:18:12
734 http PUT https://registry.npmjs.org/insightjs
735 http 403 https://registry.npmjs.org/insightjs
736 error publish Failed PUT 403
737 error Error: forbidden cannot modify pre-existing version: 0.0.1
737 error old={"name":"insightjs","filename":"insight.min.js","version":"0.0.1","license":"MIT","keywords":["visualization","insight","svg","animation","canvas","chart","dimensional","crossfilter","d3"],"homepage":"http://scottlogic.github.io/insight","bugs":{"url":"https://github.com/scottlogic/insight/issues"},"author":{"name":"Nicholas Stavrakakis"},"repository":{"type":"git","url":"https://github.com/scottlogic/insight.git"},"dependencies":{"crossfilter":"1.x","d3":"3.x"},"npmName":"insightjs","npmFileMap":[{"basePath":"dist/","files":["insight.css","insight.min.js","insight.js"]}],"description":"InsightJS is a data aggregation and vizualization library for quickly analyzing datasets in Javascript.","devDependencies":{"bower":"~1.3.5","grunt":"~0.4.4","jsdoc":"<=3.3.0","grunt-open":"~0.2.*","grunt-jsdoc":"0.5.4","grunt-contrib-uglify":"~0.2.2","grunt-contrib-concat":"~0.3.0","grunt-contrib-cssmin":"~0.10.0","grunt-contrib-jshint":"~0.8.0","grunt-contrib-watch":"~0.6.0","grunt-contrib-copy":"~0.5.0","grunt-contrib-connect":"~0.7.1","grunt-jsbeautifier":"~0.2.6","grunt-contrib-jasmine":"~0.5.2","connect-livereload":"~0.3.0","grunt-template-jasmine-requirejs":"~0.1.7"},"_id":"insightjs@0.0.1","dist":{"shasum":"c2d51c692ebfd2d0ec1bfabba95f9beb784e4e62","tarball":"http://registry.npmjs.org/insightjs/-/insightjs-0.0.1.tgz"},"_from":"./","_npmVersion":"1.4.3","_npmUser":{"name":"stavrakakis","email":"nico.stavrakakis@gmail.com"},"maintainers":[{"name":"stavrakakis","email":"nico.stavrakakis@gmail.com"}]}
737 error new={"name":"insightjs","filename":"insight.min.js","version":"0.0.1","license":"MIT","keywords":["visualization","insight","svg","animation","canvas","chart","dimensional","crossfilter","d3"],"homepage":"https://github.com/scottlogic/insight","bugs":{"url":"https://github.com/scottlogic/insight/issues"},"author":{"name":"Nicholas Stavrakakis"},"repository":{"type":"git","url":"https://github.com/scottlogic/insight.git"},"dependencies":{"crossfilter":"1.x","d3":"3.x"},"npmName":"insightjs","npmFileMap":[{"basePath":"dist/","files":["insight.css","insight.min.js","insight.js"]}],"description":"InsightJS is a data aggregation and vizualization library for quickly analyzing datasets in Javascript.","devDependencies":{"bower":"~1.3.5","grunt":"~0.4.4","jsdoc":"<=3.3.0","grunt-open":"~0.2.*","grunt-jsdoc":"0.5.4","grunt-contrib-uglify":"~0.2.2","grunt-contrib-concat":"~0.3.0","grunt-contrib-cssmin":"~0.10.0","grunt-contrib-jshint":"~0.8.0","grunt-contrib-watch":"~0.6.0","grunt-contrib-copy":"~0.5.0","grunt-contrib-connect":"~0.7.1","grunt-jsbeautifier":"~0.2.6","grunt-contrib-jasmine":"~0.5.2","connect-livereload":"~0.3.0","grunt-template-jasmine-requirejs":"~0.1.7"},"readme":"InsightJS\u000d\u000a=======\u000d\u000a\u000d\u000aInsightJS is a JavaScript data aggregation and visualization library that allows you to quickly load and find patterns in datasets.  Given a data set, InsightJS can group the records across the dimensions of the data to quickly aggregate and provide statistics on the data.\u000d\u000a\u000d\u000a### Getting Started\u000d\u000a\u000d\u000aInsightJS requires the following libraries:\u000d\u000a- [d3.js](https://github.com/mbostock/d3)\u000d\u000a- [d3-tip.js](https://github.com/Caged/d3-tip)\u000d\u000a- [crossfilter](https://github.com/square/crossfilter/)\u000d\u000a\u000d\u000aInclude the required libraries and InsightJS. Include an optional stylesheet theme, or create your own.\u000d\u000a\u000d\u000aLoad a dataset and start analyzing and creating charts!\u000d\u000a\u000d\u000a```\u000d\u000a<script src=\"lib/crossfilter.js\"></script>\u000d\u000a<script src=\"lib/d3.js\"></script>\u000d\u000a<script src=\"lib/d3.tip.js\" data-manual></script>\u000d\u000a<script type=\"text/javascript\" src=\"./dist/insightjs.min.js\"></script>\u000d\u000a```\u000d\u000a\u000d\u000a```javascript\u000d\u000ad3.json(\"appstore.json\", function(data)\u000d\u000a  {\u000d\u000a    var dataset = new insight.DataSet(data);\u000d\u000a    \u000d\u000a    var country = dataset.group(\"genre\", function(d)\u000d\u000a    {\u000d\u000a        return d.Country;\u000d\u000a    }).mean(['price'];\u000d\u000a    \u000d\u000a    var chart = new insight.Chart(\"AppGenres\", \"#chart\")\u000d\u000a        .width(400)\u000d\u000a        .height(350)\u000d\u000a        .title(\"Genres\")\u000d\u000a        .autoMargin(true);\u000d\u000a        \u000d\u000a    var columns = chart.addColumnSeries(\u000d\u000a    {\u000d\u000a        name: \"AveragePrice\",\u000d\u000a        data: genre,\u000d\u000a        accessor: function(d)\u000d\u000a        {\u000d\u000a            return d.value.price.Average;\u000d\u000a        },\u000d\u000a        color: \"#ACC3EE\"\u000d\u000a    });\u000d\u000a    \u000d\u000a    insight.drawCharts();\u000d\u000a});\u000d\u000a\u000d\u000a```\u000d\u000a### Information\u000d\u000a\u000d\u000a- View some examples at [InsightJS](http://scottlogic.github.io/insight/)\u000d\u000a- Find out more at our [Wiki Page](https://github.com/ScottLogic/insight/wiki)\u000d\u000a- Ask us questions in our [Google Group](https://groups.google.com/forum/#!forum/insightjs/)\u000d\u000a\u000d\u000a### License\u000d\u000aInsightJS is licensed under the [MIT License](http://opensource.org/licenses/MIT)\u000d\u000a","readmeFilename":"README.md","_id":"insightjs@0.0.1","dist":{"shasum":"4d30784c1ad5a4a60c32fb08ac0c3212d65f54a4","tarball":"http://registry.npmjs.org/insightjs/-/insightjs-0.0.1.tgz"},"_from":"./","_npmVersion":"1.4.3","_npmUser":{"name":"stavrakakis","email":"nico.stavrakakis@gmail.com"},"maintainers":[{"name":"stavrakakis","email":"nico.stavrakakis@gmail.com"}]}: insightjs
737 error     at RegClient.<anonymous> (c:\Program Files\nodejs\node_modules\npm\node_modules\npm-registry-client\lib\request.js:237:14)
737 error     at Request.self.callback (c:\Program Files\nodejs\node_modules\npm\node_modules\request\request.js:123:22)
737 error     at Request.EventEmitter.emit (events.js:98:17)
737 error     at Request.<anonymous> (c:\Program Files\nodejs\node_modules\npm\node_modules\request\request.js:893:14)
737 error     at Request.EventEmitter.emit (events.js:117:20)
737 error     at IncomingMessage.<anonymous> (c:\Program Files\nodejs\node_modules\npm\node_modules\request\request.js:844:12)
737 error     at IncomingMessage.EventEmitter.emit (events.js:117:20)
737 error     at _stream_readable.js:920:16
737 error     at process._tickCallback (node.js:415:13)
738 error If you need help, you may report this *entire* log,
738 error including the npm and node versions, at:
738 error     <http://github.com/npm/npm/issues>
739 error System Windows_NT 6.1.7601
740 error command "c:\\Program Files\\nodejs\\node.exe" "c:\\Program Files\\nodejs\\node_modules\\npm\\bin\\npm-cli.js" "publish" "./"
741 error cwd c:\work\insight
742 error node -v v0.10.26
743 error npm -v 1.4.3
744 verbose exit [ 1, true ]
